app/build/outputs/logs/manifest-merger-debug-report.txt
-- Merging decision tree log ---
manifest
ADDED from src\main\AndroidManifest.xml:30:1-274:12
	package
		ADDED from src\main\AndroidManifest.xml:32:5-28
		INJECTED from src\main\AndroidManifest.xml
		INJECTED from src\main\AndroidManifest.xml
	android:versionName
		ADDED from src\main\AndroidManifest.xml:34:5-34
		INJECTED from src\main\AndroidManifest.xml
		INJECTED from src\main\AndroidManifest.xml
	xmlns:tools
		ADDED from src\main\AndroidManifest.xml:31:5-51
	android:versionCode
		ADDED from src\main\AndroidManifest.xml:33:5-31
		INJECTED from src\main\AndroidManifest.xml
		INJECTED from src\main\AndroidManifest.xml
	tools:ignore
		ADDED from src\main\AndroidManifest.xml:36:5-35
	xmlns:android
		ADDED from src\main\AndroidManifest.xml:30:11-69
	android:installLocation
		ADDED from src\main\AndroidManifest.xml:35:5-35
uses-permission#android.permission.WRITE_EXTERNAL_STORAGE
ADDED from src\main\AndroidManifest.xml:38:5-81
	android:name
		ADDED from src\main\AndroidManifest.xml:38:22-78
uses-permission#android.permission.INTERNET
ADDED from src\main\AndroidManifest.xml:39:5-67
	android:name
		ADDED from src\main\AndroidManifest.xml:39:22-64
uses-permission#android.permission.ACCESS_WIFI_STATE
ADDED from src\main\AndroidManifest.xml:40:5-76
	android:name
		ADDED from src\main\AndroidManifest.xml:40:22-73
uses-permission#android.permission.ACCESS_COARSE_LOCATION
ADDED from src\main\AndroidManifest.xml:41:5-81
	android:name
		ADDED from src\main\AndroidManifest.xml:41:22-78
uses-permission#android.permission.ACCESS_FINE_LOCATION
ADDED from src\main\AndroidManifest.xml:42:5-79
	android:name
		ADDED from src\main\AndroidManifest.xml:42:22-76
uses-permission#android.permission.ACCESS_LOCATION_EXTRA_COMMANDS
ADDED from src\main\AndroidManifest.xml:43:5-89
	android:name
		ADDED from src\main\AndroidManifest.xml:43:22-86
uses-permission#android.permission.ACCESS_MOCK_LOCATION
ADDED from src\main\AndroidManifest.xml:44:5-79
	android:name
		ADDED from src\main\AndroidManifest.xml:44:22-76
uses-permission#android.permission.VIBRATE
ADDED from src\main\AndroidManifest.xml:45:5-65
	android:name
		ADDED from src\main\AndroidManifest.xml:45:22-63
uses-permission#android.permission.WAKE_LOCK
ADDED from src\main\AndroidManifest.xml:46:5-68
	android:name
		ADDED from src\main\AndroidManifest.xml:46:22-65
uses-permission#android.permission.CAMERA
ADDED from src\main\AndroidManifest.xml:47:5-65
	android:name
		ADDED from src\main\AndroidManifest.xml:47:22-62
uses-permission#android.permission.BLUETOOTH
ADDED from src\main\AndroidManifest.xml:48:5-68
	android:name
		ADDED from src\main\AndroidManifest.xml:48:22-65
uses-permission#android.permission.BLUETOOTH_ADMIN
ADDED from src\main\AndroidManifest.xml:49:5-74
	android:name
		ADDED from src\main\AndroidManifest.xml:49:22-71
uses-permission#android.permission.RECORD_AUDIO
ADDED from src\main\AndroidManifest.xml:50:5-71
	android:name
		ADDED from src\main\AndroidManifest.xml:50:22-68
uses-permission#android.permission.READ_PHONE_STATE
ADDED from src\main\AndroidManifest.xml:51:5-75
	android:name
		ADDED from src\main\AndroidManifest.xml:51:22-72
uses-permission#android.permission.SEND_SMS
ADDED from src\main\AndroidManifest.xml:52:5-67
	android:name
		ADDED from src\main\AndroidManifest.xml:52:22-64
uses-permission#android.permission.CALL_PHONE
ADDED from src\main\AndroidManifest.xml:53:5-69
	android:name
		ADDED from src\main\AndroidManifest.xml:53:22-66
uses-permission#android.permission.READ_SMS
ADDED from src\main\AndroidManifest.xml:54:5-67
	android:name
		ADDED from src\main\AndroidManifest.xml:54:22-64
uses-permission#android.permission.RECEIVE_SMS
ADDED from src\main\AndroidManifest.xml:55:5-70
	android:name
		ADDED from src\main\AndroidManifest.xml:55:22-67
uses-permission#com.android.launcher.permission.INSTALL_SHORTCUT
ADDED from src\main\AndroidManifest.xml:59:5-88
	android:name
		ADDED from src\main\AndroidManifest.xml:59:22-85
uses-permission#com.android.launcher.permission.UNINSTALL_SHORTCUT
ADDED from src\main\AndroidManifest.xml:60:5-90
	android:name
		ADDED from src\main\AndroidManifest.xml:60:22-87
uses-feature#android.hardware.telephony
ADDED from src\main\AndroidManifest.xml:62:5-88
	android:required
		ADDED from src\main\AndroidManifest.xml:62:61-85
	android:name
		ADDED from src\main\AndroidManifest.xml:62:19-60
uses-feature#android.hardware.bluetooth
ADDED from src\main\AndroidManifest.xml:63:5-88
	android:required
		ADDED from src\main\AndroidManifest.xml:63:61-85
	android:name
		ADDED from src\main\AndroidManifest.xml:63:19-60
uses-feature#android.hardware.location
ADDED from src\main\AndroidManifest.xml:64:5-87
	android:required
		ADDED from src\main\AndroidManifest.xml:64:60-84
	android:name
		ADDED from src\main\AndroidManifest.xml:64:19-59
uses-feature#android.hardware.sensor.accelerometer
ADDED from src\main\AndroidManifest.xml:65:5-99
	android:required
		ADDED from src\main\AndroidManifest.xml:65:72-96
	android:name
		ADDED from src\main\AndroidManifest.xml:65:19-71
uses-feature#android.hardware.camera
ADDED from src\main\AndroidManifest.xml:66:5-85
	android:required
		ADDED from src\main\AndroidManifest.xml:66:58-82
	android:name
		ADDED from src\main\AndroidManifest.xml:66:19-57
uses-feature#android.hardware.microphone
ADDED from src\main\AndroidManifest.xml:67:5-89
	android:required
		ADDED from src\main\AndroidManifest.xml:67:62-86
	android:name
		ADDED from src\main\AndroidManifest.xml:67:19-61
uses-feature#android.hardware.location.network
ADDED from src\main\AndroidManifest.xml:68:5-95
	android:required
		ADDED from src\main\AndroidManifest.xml:68:68-92
	android:name
		ADDED from src\main\AndroidManifest.xml:68:19-67
uses-feature#android.hardware.location.gps
ADDED from src\main\AndroidManifest.xml:69:5-91
	android:required
		ADDED from src\main\AndroidManifest.xml:69:64-88
	android:name
		ADDED from src\main\AndroidManifest.xml:69:19-63
uses-feature#android.hardware.camera.autofocus
ADDED from src\main\AndroidManifest.xml:70:5-95
	android:required
		ADDED from src\main\AndroidManifest.xml:70:68-92
	android:name
		ADDED from src\main\AndroidManifest.xml:70:19-67
uses-feature#android.hardware.touchscreen
ADDED from src\main\AndroidManifest.xml:71:5-90
	android:required
		ADDED from src\main\AndroidManifest.xml:71:63-87
	android:name
		ADDED from src\main\AndroidManifest.xml:71:19-62
uses-sdk
ADDED from src\main\AndroidManifest.xml:73:5-74
	android:targetSdkVersion
		ADDED from src\main\AndroidManifest.xml:73:42-71
		INJECTED from src\main\AndroidManifest.xml
		INJECTED from src\main\AndroidManifest.xml
	android:minSdkVersion
		ADDED from src\main\AndroidManifest.xml:73:15-41
		INJECTED from src\main\AndroidManifest.xml
		INJECTED from src\main\AndroidManifest.xml
supports-screens
ADDED from src\main\AndroidManifest.xml:75:5-54
	android:xlargeScreens
		ADDED from src\main\AndroidManifest.xml:75:23-51
application
ADDED from src\main\AndroidManifest.xml:77:5-272:19
	android:label
		ADDED from src\main\AndroidManifest.xml:81:9-41
	android:hardwareAccelerated
		ADDED from src\main\AndroidManifest.xml:78:9-43
	android:allowBackup
		ADDED from src\main\AndroidManifest.xml:79:9-35
	android:icon
		ADDED from src\main\AndroidManifest.xml:80:9-38
receiver#com.rfo.basic.BootUpReceiver
ADDED from src\main\AndroidManifest.xml:82:9-90:20
	android:enabled
		ADDED from src\main\AndroidManifest.xml:84:13-36
	android:name
		ADDED from src\main\AndroidManifest.xml:83:13-43
intent-filter#android.intent.action.BOOT_COMPLETED+android.intent.category.DEFAULT
ADDED from src\main\AndroidManifest.xml:85:13-89:29
action#android.intent.action.BOOT_COMPLETED
ADDED from src\main\AndroidManifest.xml:86:17-79
	android:name
		ADDED from src\main\AndroidManifest.xml:86:25-76
category#android.intent.category.DEFAULT
ADDED from src\main\AndroidManifest.xml:88:17-76
	android:name
		ADDED from src\main\AndroidManifest.xml:88:27-73
activity#com.rfo.basic.Basic
ADDED from src\main\AndroidManifest.xml:92:9-115:20
	android:label
		ADDED from src\main\AndroidManifest.xml:96:13-45
	android:id
		ADDED from src\main\AndroidManifest.xml:93:13-43
	android:configChanges
		ADDED from src\main\AndroidManifest.xml:95:13-83
	android:name
		ADDED from src\main\AndroidManifest.xml:94:13-33
intent-filter#android.intent.action.MAIN+android.intent.category.LAUNCHER+android.intent.category.MULTIWINDOW_LAUNCHER
ADDED from src\main\AndroidManifest.xml:98:13-103:29
action#android.intent.action.MAIN
ADDED from src\main\AndroidManifest.xml:99:17-69
	android:name
		ADDED from src\main\AndroidManifest.xml:99:25-66
category#android.intent.category.LAUNCHER
ADDED from src\main\AndroidManifest.xml:101:17-77
	android:name
		ADDED from src\main\AndroidManifest.xml:101:27-74
category#android.intent.category.MULTIWINDOW_LAUNCHER
ADDED from src\main\AndroidManifest.xml:102:17-89
	android:name
		ADDED from src\main\AndroidManifest.xml:102:27-86
intent-filter#android.intent.action.VIEW+android.intent.category.DEFAULT
ADDED from src\main\AndroidManifest.xml:105:13-114:29
action#android.intent.action.VIEW
ADDED from src\main\AndroidManifest.xml:106:17-69
	android:name
		ADDED from src\main\AndroidManifest.xml:106:25-66
data
ADDED from src\main\AndroidManifest.xml:110:17-47
	android:scheme
		ADDED from src\main\AndroidManifest.xml:110:23-44
activity#com.rfo.basic.LauncherShortcuts
ADDED from src\main\AndroidManifest.xml:117:9-127:20
	android:label
		ADDED from src\main\AndroidManifest.xml:120:13-47
	android:configChanges
		ADDED from src\main\AndroidManifest.xml:119:13-83
	android:name
		ADDED from src\main\AndroidManifest.xml:118:13-45
intent-filter#android.intent.action.MAIN+android.intent.category.DEFAULT
ADDED from src\main\AndroidManifest.xml:122:13-126:29
activity-alias#com.rfo.basic.CreateShortcuts
ADDED from src\main\AndroidManifest.xml:129:9-140:26
	android:label
		ADDED from src\main\AndroidManifest.xml:131:13-47
	android:targetActivity
		ADDED from src\main\AndroidManifest.xml:132:13-55
	android:name
		ADDED from src\main\AndroidManifest.xml:130:13-43
intent-filter#android.intent.action.CREATE_SHORTCUT+android.intent.category.DEFAULT
ADDED from src\main\AndroidManifest.xml:135:13-139:29
action#android.intent.action.CREATE_SHORTCUT
ADDED from src\main\AndroidManifest.xml:136:17-80
	android:name
		ADDED from src\main\AndroidManifest.xml:136:25-77
activity#com.rfo.basic.Editor
ADDED from src\main\AndroidManifest.xml:142:9-147:20
	android:label
		ADDED from src\main\AndroidManifest.xml:145:13-48
	android:hardwareAccelerated
		ADDED from src\main\AndroidManifest.xml:146:13-48
	android:id
		ADDED from src\main\AndroidManifest.xml:143:13-44
	android:name
		ADDED from src\main\AndroidManifest.xml:144:13-35
activity#com.rfo.basic.Settings
ADDED from src\main\AndroidManifest.xml:149:9-153:20
	android:label
		ADDED from src\main\AndroidManifest.xml:152:13-50
	android:id
		ADDED from src\main\AndroidManifest.xml:150:13-46
	android:name
		ADDED from src\main\AndroidManifest.xml:151:13-36
activity#com.rfo.basic.LoadFile
ADDED from src\main\AndroidManifest.xml:155:9-160:20
	android:label
		ADDED from src\main\AndroidManifest.xml:159:13-46
	android:id
		ADDED from src\main\AndroidManifest.xml:156:13-42
	android:configChanges
		ADDED from src\main\AndroidManifest.xml:158:13-83
	android:name
		ADDED from src\main\AndroidManifest.xml:157:13-36
activity#com.rfo.basic.Delete
ADDED from src\main\AndroidManifest.xml:162:9-167:20
	android:label
		ADDED from src\main\AndroidManifest.xml:166:13-48
	android:id
		ADDED from src\main\AndroidManifest.xml:163:13-44
	android:configChanges
		ADDED from src\main\AndroidManifest.xml:165:13-83
	android:name
		ADDED from src\main\AndroidManifest.xml:164:13-34
activity#com.rfo.basic.Run
ADDED from src\main\AndroidManifest.xml:169:9-174:20
	android:label
		ADDED from src\main\AndroidManifest.xml:173:13-45
	android:id
		ADDED from src\main\AndroidManifest.xml:170:13-41
	android:configChanges
		ADDED from src\main\AndroidManifest.xml:172:13-83
	android:name
		ADDED from src\main\AndroidManifest.xml:171:13-31
activity#com.rfo.basic.Search
ADDED from src\main\AndroidManifest.xml:176:9-183:20
	android:label
		ADDED from src\main\AndroidManifest.xml:180:13-48
	android:hardwareAccelerated
		ADDED from src\main\AndroidManifest.xml:182:13-48
	android:windowSoftInputMode
		ADDED from src\main\AndroidManifest.xml:181:13-68
	android:id
		ADDED from src\main\AndroidManifest.xml:177:13-44
	android:configChanges
		ADDED from src\main\AndroidManifest.xml:179:13-83
	android:name
		ADDED from src\main\AndroidManifest.xml:178:13-34
activity#com.rfo.basic.Format
ADDED from src\main\AndroidManifest.xml:185:9-190:20
	android:label
		ADDED from src\main\AndroidManifest.xml:189:13-48
	android:id
		ADDED from src\main\AndroidManifest.xml:186:13-44
	android:configChanges
		ADDED from src\main\AndroidManifest.xml:188:13-83
	android:name
		ADDED from src\main\AndroidManifest.xml:187:13-34
activity#com.rfo.basic.Help
ADDED from src\main\AndroidManifest.xml:192:9-197:20
	android:label
		ADDED from src\main\AndroidManifest.xml:195:13-46
	android:windowSoftInputMode
		ADDED from src\main\AndroidManifest.xml:196:13-61
	android:id
		ADDED from src\main\AndroidManifest.xml:193:13-42
	android:name
		ADDED from src\main\AndroidManifest.xml:194:13-32
activity#com.rfo.basic.GR
ADDED from src\main\AndroidManifest.xml:199:9-205:20
	android:label
		ADDED from src\main\AndroidManifest.xml:203:13-44
	android:id
		ADDED from src\main\AndroidManifest.xml:200:13-40
	android:configChanges
		ADDED from src\main\AndroidManifest.xml:202:13-83
	android:theme
		ADDED from src\main\AndroidManifest.xml:204:13-71
	android:name
		ADDED from src\main\AndroidManifest.xml:201:13-30
activity#com.rfo.basic.Select
ADDED from src\main\AndroidManifest.xml:207:9-212:20
	android:label
		ADDED from src\main\AndroidManifest.xml:211:13-48
	android:id
		ADDED from src\main\AndroidManifest.xml:208:13-44
	android:configChanges
		ADDED from src\main\AndroidManifest.xml:210:13-83
	android:name
		ADDED from src\main\AndroidManifest.xml:209:13-34
activity#com.rfo.basic.TextInput
ADDED from src\main\AndroidManifest.xml:214:9-219:20
	android:label
		ADDED from src\main\AndroidManifest.xml:218:13-51
	android:id
		ADDED from src\main\AndroidManifest.xml:215:13-48
	android:configChanges
		ADDED from src\main\AndroidManifest.xml:217:13-83
	android:name
		ADDED from src\main\AndroidManifest.xml:216:13-37
activity#com.rfo.basic.TGet
ADDED from src\main\AndroidManifest.xml:221:9-227:20
	android:label
		ADDED from src\main\AndroidManifest.xml:225:13-51
	android:windowSoftInputMode
		ADDED from src\main\AndroidManifest.xml:226:13-68
	android:id
		ADDED from src\main\AndroidManifest.xml:222:13-46
	android:configChanges
		ADDED from src\main\AndroidManifest.xml:224:13-83
	android:name
		ADDED from src\main\AndroidManifest.xml:223:13-32
activity#com.rfo.basic.Web
ADDED from src\main\AndroidManifest.xml:229:9-235:20
	android:label
		ADDED from src\main\AndroidManifest.xml:233:13-50
	android:id
		ADDED from src\main\AndroidManifest.xml:230:13-46
	android:configChanges
		ADDED from src\main\AndroidManifest.xml:232:13-83
	android:theme
		ADDED from src\main\AndroidManifest.xml:234:13-71
	android:name
		ADDED from src\main\AndroidManifest.xml:231:13-31
activity#com.rfo.basic.CameraView
ADDED from src\main\AndroidManifest.xml:237:9-243:20
	android:label
		ADDED from src\main\AndroidManifest.xml:241:13-35
	android:id
		ADDED from src\main\AndroidManifest.xml:238:13-44
	android:configChanges
		ADDED from src\main\AndroidManifest.xml:240:13-83
	android:theme
		ADDED from src\main\AndroidManifest.xml:242:13-72
	android:name
		ADDED from src\main\AndroidManifest.xml:239:13-38
activity#com.rfo.basic.HandleNotify
ADDED from src\main\AndroidManifest.xml:245:9-251:20
	android:label
		ADDED from src\main\AndroidManifest.xml:249:13-35
	android:id
		ADDED from src\main\AndroidManifest.xml:246:13-44
	android:configChanges
		ADDED from src\main\AndroidManifest.xml:248:13-83
	android:theme
		ADDED from src\main\AndroidManifest.xml:250:13-72
	android:name
		ADDED from src\main\AndroidManifest.xml:247:13-40
activity#com.rfo.basic.DeviceListActivity
ADDED from src\main\AndroidManifest.xml:253:9-259:20
	android:label
		ADDED from src\main\AndroidManifest.xml:257:13-50
	android:id
		ADDED from src\main\AndroidManifest.xml:254:13-49
	android:configChanges
		ADDED from src\main\AndroidManifest.xml:256:13-83
	android:theme
		ADDED from src\main\AndroidManifest.xml:258:13-56
	android:name
		ADDED from src\main\AndroidManifest.xml:255:13-46
activity#com.rfo.basic.Null
ADDED from src\main\AndroidManifest.xml:261:9-264:20
	android:label
		ADDED from src\main\AndroidManifest.xml:263:13-48
	android:name
		ADDED from src\main\AndroidManifest.xml:262:13-32
uses-library#com.sec.android.app.multiwindow
ADDED from src\main\AndroidManifest.xml:266:9-97
	android:required
		ADDED from src\main\AndroidManifest.xml:266:70-94
	android:name
		ADDED from src\main\AndroidManifest.xml:266:23-69
meta-data#com.sec.android.support.multiwindow
ADDED from src\main\AndroidManifest.xml:267:9-94
	android:value
		ADDED from src\main\AndroidManifest.xml:267:71-91
	android:name
		ADDED from src\main\AndroidManifest.xml:267:20-70
meta-data#com.sec.android.multiwindow.DEFAULT_SIZE_W
ADDED from src\main\AndroidManifest.xml:268:9-105
	android:value
		ADDED from src\main\AndroidManifest.xml:268:78-102
	android:name
		ADDED from src\main\AndroidManifest.xml:268:20-77
meta-data#com.sec.android.multiwindow.DEFAULT_SIZE_H
ADDED from src\main\AndroidManifest.xml:269:9-105
	android:value
		ADDED from src\main\AndroidManifest.xml:269:78-102
	android:name
		ADDED from src\main\AndroidManifest.xml:269:20-77
meta-data#com.sec.android.multiwindow.MINIMUM_SIZE_W
ADDED from src\main\AndroidManifest.xml:270:9-105
	android:value
		ADDED from src\main\AndroidManifest.xml:270:78-102
	android:name
		ADDED from src\main\AndroidManifest.xml:270:20-77
meta-data#com.sec.android.multiwindow.MINIMUM_SIZE_H
ADDED from src\main\AndroidManifest.xml:271:9-105
	android:value
		ADDED from src\main\AndroidManifest.xml:271:78-102
	android:name
		ADDED from src\main\AndroidManifest.xml:271:20-77